<?xml version="1.0" encoding="UTF-8"?>
<testsuite name="model.TestReadInputFile" tests="3" skipped="0" failures="0" errors="0" timestamp="2020-10-18T19:50:51" hostname="ANDREW-DESKTOP" time="0.011">
  <properties/>
  <testcase name="debugPrint()" classname="model.TestReadInputFile" time="0.009"/>
  <testcase name="main()" classname="model.TestReadInputFile" time="0.001"/>
  <testcase name="getDepartment()" classname="model.TestReadInputFile" time="0.001"/>
  <system-out><![CDATA[]]></system-out>
  <system-err><![CDATA[]]></system-err>
</testsuite>
